2021-10-17 00:37:12,826     INFO cuda:0
2021-10-17 00:37:49,739     INFO Finished Loading Data
2021-10-17 00:37:52,337     INFO ------------------------------
2021-10-17 00:37:52,338     INFO task1
2021-10-17 00:41:57,511     INFO task1 [100] loss train: 1.607 eval: 0.072
2021-10-17 00:44:36,751     INFO cuda:0
2021-10-17 00:45:11,041     INFO Finished Loading Data
2021-10-17 00:45:13,632     INFO ------------------------------
2021-10-17 00:45:13,632     INFO task1
2021-10-17 00:48:54,869     INFO task1 [100] loss train: 1.603 eval: 0.071
2021-10-17 00:52:32,864     INFO task1 [200] loss train: 1.338 eval: 0.082
2021-10-17 00:56:12,835     INFO task1 [300] loss train: 1.184 eval: 0.080
2021-10-17 00:59:54,545     INFO task1 [400] loss train: 1.162 eval: 0.074
2021-10-17 01:03:46,142     INFO task1 [500] loss train: 1.075 eval: 0.071
2021-10-17 01:07:34,965     INFO task1 [600] loss train: 0.279 eval: 0.084
2021-10-17 01:11:31,507     INFO task1 [700] loss train: 0.253 eval: 0.080
2021-10-17 01:15:27,176     INFO task1 [800] loss train: 0.229 eval: 0.076
2021-10-17 01:19:38,183     INFO task1 [900] loss train: 0.196 eval: 0.080
2021-10-17 01:23:41,013     INFO task1 [1000] loss train: 0.185 eval: 0.077
2021-10-17 01:27:31,601     INFO task1 [1100] loss train: 0.141 eval: 0.076
2021-10-17 01:31:27,891     INFO task1 [1200] loss train: 0.142 eval: 0.082
2021-10-17 01:35:24,054     INFO task1 [1300] loss train: 0.135 eval: 0.077
2021-10-17 01:39:16,244     INFO task1 [1400] loss train: 0.152 eval: 0.080
2021-10-17 01:43:13,185     INFO task1 [1500] loss train: 0.149 eval: 0.080
2021-10-17 01:47:05,128     INFO task1 [1600] loss train: 0.148 eval: 0.078
2021-10-17 01:50:50,963     INFO task1 [1700] loss train: 0.125 eval: 0.079
2021-10-17 01:54:46,251     INFO task1 [1800] loss train: 0.150 eval: 0.080
2021-10-17 01:58:39,963     INFO task1 [1900] loss train: 0.145 eval: 0.083
2021-10-17 02:02:42,257     INFO task1 [2000] loss train: 0.134 eval: 0.083
2021-10-17 02:02:42,782     INFO ------------------------------
2021-10-17 02:02:42,782     INFO task2
2021-10-17 02:27:58,439     INFO task2 [100] loss train: 2.265 eval: 0.266
2021-10-17 02:53:09,251     INFO task2 [200] loss train: 2.168 eval: 0.278
2021-10-17 03:17:55,479     INFO task2 [300] loss train: 2.123 eval: 0.268
2021-10-17 03:41:20,960     INFO task2 [400] loss train: 2.090 eval: 0.275
2021-10-17 04:04:35,332     INFO task2 [500] loss train: 2.065 eval: 0.263
2021-10-17 04:27:43,917     INFO task2 [600] loss train: 1.556 eval: 0.284
2021-10-17 04:51:17,723     INFO task2 [700] loss train: 1.535 eval: 0.278
2021-10-17 05:14:25,857     INFO task2 [800] loss train: 1.519 eval: 0.277
2021-10-17 05:37:46,068     INFO task2 [900] loss train: 1.499 eval: 0.276
2021-10-17 06:01:12,407     INFO task2 [1000] loss train: 1.498 eval: 0.274
2021-10-17 06:24:33,540     INFO task2 [1100] loss train: 1.347 eval: 0.282
2021-10-17 06:48:02,154     INFO task2 [1200] loss train: 1.339 eval: 0.280
2021-10-17 07:11:23,104     INFO task2 [1300] loss train: 1.344 eval: 0.280
2021-10-17 07:34:36,832     INFO task2 [1400] loss train: 1.326 eval: 0.284
2021-10-17 07:57:39,164     INFO task2 [1500] loss train: 1.330 eval: 0.276
2021-10-17 08:20:18,433     INFO task2 [1600] loss train: 1.304 eval: 0.281
2021-10-17 08:42:34,667     INFO task2 [1700] loss train: 1.290 eval: 0.281
